  InfoWindow.cpp
C:\Users\10191\source\repos\InfoWindow\InfoWindow\InfoWindow.cpp(9,18): error C2011: 'InfoWindow': 'class' type redefinition
C:\Users\10191\source\repos\InfoWindow\InfoWindow\InfoWindow.h(6,7): message : see declaration of 'InfoWindow'
C:\Users\10191\source\repos\InfoWindow\InfoWindow\InfoWindow.cpp(38,13): error C2027: use of undefined type 'InfoWindow'
C:\Users\10191\source\repos\InfoWindow\InfoWindow\InfoWindow.h(6,7): message : see declaration of 'InfoWindow'
C:\Users\10191\source\repos\InfoWindow\InfoWindow\InfoWindow.cpp(39,5): error C4430: missing type specifier - int assumed. Note: C++ does not support default-int
C:\Users\10191\source\repos\InfoWindow\InfoWindow\InfoWindow.cpp(40,1): error C2550: '{ctor}': constructor initializer lists are only allowed on constructor definitions
C:\Users\10191\source\repos\InfoWindow\InfoWindow\InfoWindow.cpp(41,5): error C2065: 'm_teamComboBox': undeclared identifier
C:\Users\10191\source\repos\InfoWindow\InfoWindow\InfoWindow.cpp(41,36): error C2355: 'this': can only be referenced inside non-static member functions or non-static data member initializers
C:\Users\10191\source\repos\InfoWindow\InfoWindow\InfoWindow.cpp(42,13): error C2065: 'm_teamComboBox': undeclared identifier
C:\Users\10191\source\repos\InfoWindow\InfoWindow\InfoWindow.cpp(42,83): error C2355: 'this': can only be referenced inside non-static member functions or non-static data member initializers
C:\Users\10191\source\repos\InfoWindow\InfoWindow\InfoWindow.cpp(42,102): error C2027: use of undefined type 'InfoWindow'
C:\Users\10191\source\repos\InfoWindow\InfoWindow\InfoWindow.h(6,7): message : see declaration of 'InfoWindow'
C:\Users\10191\source\repos\InfoWindow\InfoWindow\InfoWindow.cpp(42,116): error C2065: 'onTeamSelected': undeclared identifier
C:\Users\10191\source\repos\InfoWindow\InfoWindow\InfoWindow.cpp(42,5): error C3861: 'connect': identifier not found
C:\Users\10191\source\repos\InfoWindow\InfoWindow\InfoWindow.cpp(43,5): error C3861: 'createTeamPage': identifier not found
C:\Users\10191\source\repos\InfoWindow\InfoWindow\InfoWindow.cpp(45,22): error C2065: 'm_teamComboBox': undeclared identifier
C:\Users\10191\source\repos\InfoWindow\InfoWindow\InfoWindow.cpp(45,5): error C3861: 'setCentralWidget': identifier not found
C:\Users\10191\source\repos\InfoWindow\InfoWindow\InfoWindow.cpp(46,5): error C3861: 'setWindowTitle': identifier not found
C:\Users\10191\source\repos\InfoWindow\InfoWindow\InfoWindow.cpp(47,5): error C3861: 'resize': identifier not found
C:\Users\10191\source\repos\InfoWindow\InfoWindow\InfoWindow.cpp(48,1): warning C4508: '{ctor}': function should return a value; 'void' return type assumed
C:\Users\10191\source\repos\InfoWindow\InfoWindow\InfoWindow.cpp(50,18): error C2027: use of undefined type 'InfoWindow'
C:\Users\10191\source\repos\InfoWindow\InfoWindow\InfoWindow.h(6,7): message : see declaration of 'InfoWindow'
C:\Users\10191\source\repos\InfoWindow\InfoWindow\InfoWindow.cpp(52,5): error C2065: 'm_rankLabel': undeclared identifier
C:\Users\10191\source\repos\InfoWindow\InfoWindow\InfoWindow.cpp(53,5): error C2065: 'm_pointsLabel': undeclared identifier
C:\Users\10191\source\repos\InfoWindow\InfoWindow\InfoWindow.cpp(54,5): error C2065: 'm_goalsLabel': undeclared identifier
C:\Users\10191\source\repos\InfoWindow\InfoWindow\InfoWindow.cpp(55,5): error C2065: 'm_winsLabel': undeclared identifier
C:\Users\10191\source\repos\InfoWindow\InfoWindow\InfoWindow.cpp(56,5): error C2065: 'm_drawsLabel': undeclared identifier
C:\Users\10191\source\repos\InfoWindow\InfoWindow\InfoWindow.cpp(57,5): error C2065: 'm_lossesLabel': undeclared identifier
C:\Users\10191\source\repos\InfoWindow\InfoWindow\InfoWindow.cpp(59,5): error C3861: 'createPlayerPage': identifier not found
C:\Users\10191\source\repos\InfoWindow\InfoWindow\InfoWindow.cpp(60,22): error C2065: 'm_playerComboBox': undeclared identifier
C:\Users\10191\source\repos\InfoWindow\InfoWindow\InfoWindow.cpp(60,5): error C3861: 'setCentralWidget': identifier not found
C:\Users\10191\source\repos\InfoWindow\InfoWindow\InfoWindow.cpp(61,5): error C3861: 'setWindowTitle': identifier not found
C:\Users\10191\source\repos\InfoWindow\InfoWindow\InfoWindow.cpp(62,5): error C3861: 'resize': identifier not found
C:\Users\10191\source\repos\InfoWindow\InfoWindow\InfoWindow.cpp(65,18): error C2027: use of undefined type 'InfoWindow'
C:\Users\10191\source\repos\InfoWindow\InfoWindow\InfoWindow.h(6,7): message : see declaration of 'InfoWindow'
C:\Users\10191\source\repos\InfoWindow\InfoWindow\InfoWindow.cpp(67,5): error C2065: 'm_nameLabel': undeclared identifier
C:\Users\10191\source\repos\InfoWindow\InfoWindow\InfoWindow.cpp(68,5): error C2065: 'm_positionLabel': undeclared identifier
C:\Users\10191\source\repos\InfoWindow\InfoWindow\InfoWindow.cpp(69,5): error C2065: 'm_ageLabel': undeclared identifier
C:\Users\10191\source\repos\InfoWindow\InfoWindow\InfoWindow.cpp(71,5): error C3861: 'setWindowTitle': identifier not found
C:\Users\10191\source\repos\InfoWindow\InfoWindow\InfoWindow.cpp(72,22): error C2065: 'm_nameLabel': undeclared identifier
C:\Users\10191\source\repos\InfoWindow\InfoWindow\InfoWindow.cpp(72,5): error C3861: 'setCentralWidget': identifier not found
C:\Users\10191\source\repos\InfoWindow\InfoWindow\InfoWindow.cpp(73,5): error C3861: 'resize': identifier not found
C:\Users\10191\source\repos\InfoWindow\InfoWindow\InfoWindow.cpp(76,18): error C2027: use of undefined type 'InfoWindow'
C:\Users\10191\source\repos\InfoWindow\InfoWindow\InfoWindow.h(6,7): message : see declaration of 'InfoWindow'
C:\Users\10191\source\repos\InfoWindow\InfoWindow\InfoWindow.cpp(78,37): error C2355: 'this': can only be referenced inside non-static member functions or non-static data member initializers
C:\Users\10191\source\repos\InfoWindow\InfoWindow\InfoWindow.cpp(84,5): error C2065: 'm_teamComboBox': undeclared identifier
C:\Users\10191\source\repos\InfoWindow\InfoWindow\InfoWindow.cpp(85,5): error C2065: 'm_teamComboBox': undeclared identifier
C:\Users\10191\source\repos\InfoWindow\InfoWindow\InfoWindow.cpp(86,5): error C2065: 'm_teamComboBox': undeclared identifier
C:\Users\10191\source\repos\InfoWindow\InfoWindow\InfoWindow.cpp(87,5): error C2065: 'm_teamComboBox': undeclared identifier
C:\Users\10191\source\repos\InfoWindow\InfoWindow\InfoWindow.cpp(88,5): error C2065: 'm_teamComboBox': undeclared identifier
C:\Users\10191\source\repos\InfoWindow\InfoWindow\InfoWindow.cpp(89,5): error C2065: 'm_teamComboBox': undeclared identifier
C:\Users\10191\source\repos\InfoWindow\InfoWindow\InfoWindow.cpp(90,23): error C2065: 'm_teamComboBox': undeclared identifier
C:\Users\10191\source\repos\InfoWindow\InfoWindow\InfoWindow.cpp(94,5): error C2065: 'm_rankLabel': undeclared identifier
C:\Users\10191\source\repos\InfoWindow\InfoWindow\InfoWindow.cpp(95,23): error C2065: 'm_rankLabel': undeclared identifier
C:\Users\10191\source\repos\InfoWindow\InfoWindow\InfoWindow.cpp(99,5): error C2065: 'm_pointsLabel': undeclared identifier
C:\Users\10191\source\repos\InfoWindow\InfoWindow\InfoWindow.cpp(100,23): error C2065: 'm_pointsLabel': undeclared identifier
C:\Users\10191\source\repos\InfoWindow\InfoWindow\InfoWindow.cpp(104,5): error C2065: 'm_goalsLabel': undeclared identifier
C:\Users\10191\source\repos\InfoWindow\InfoWindow\InfoWindow.cpp(105,23): error C2065: 'm_goalsLabel': undeclared identifier
C:\Users\10191\source\repos\InfoWindow\InfoWindow\InfoWindow.cpp(77): fatal  error C1075: '{': no matching token found
